# JRE version: Java(TM) SE Runtime Environment (14.0.2+12) (build 14.0.2+12-46)
# Java VM: Java HotSpot(TM) 64-Bit Server VM (14.0.2+12-46, mixed mode, sharing, tiered, compressed oops, g1 gc, windows-amd64)
Heap:
 garbage-first heap   total 28672K, used 7772K [0x0000000083600000, 0x0000000100000000)
  region size 1024K, 1 young (1024K), 1 survivors (1024K)
 Metaspace       used 9290K, capacity 11791K, committed 11904K, reserved 1060864K
  class space    used 1101K, capacity 1386K, committed 1408K, reserved 1048576K
GC Heap History (20 events):
Event: 0.211 GC heap after
{Heap after GC invocations=3 (full 0):
 garbage-first heap   total 8192K, used 2064K [0x0000000083600000, 0x0000000100000000)
  region size 1024K, 1 young (1024K), 1 survivors (1024K)
 Metaspace       used 6024K, capacity 9460K, committed 9600K, reserved 1058816K
  class space    used 731K, capacity 1055K, committed 1152K, reserved 1048576K
}
Event: 0.243 GC heap before
{Heap before GC invocations=3 (full 0):
 garbage-first heap   total 8192K, used 2064K [0x0000000083600000, 0x0000000100000000)
  region size 1024K, 2 young (2048K), 1 survivors (1024K)
 Metaspace       used 7117K, capacity 10430K, committed 10752K, reserved 1058816K
  class space    used 885K, capacity 1210K, committed 1280K, reserved 1048576K
}
Event: 0.244 GC heap after
{Heap after GC invocations=4 (full 0):
 garbage-first heap   total 8192K, used 2320K [0x0000000083600000, 0x0000000100000000)
  region size 1024K, 1 young (1024K), 1 survivors (1024K)
 Metaspace       used 7117K, capacity 10430K, committed 10752K, reserved 1058816K
  class space    used 885K, capacity 1210K, committed 1280K, reserved 1048576K
}
Event: 0.275 GC heap before
{Heap before GC invocations=4 (full 0):
 garbage-first heap   total 8192K, used 3344K [0x0000000083600000, 0x0000000100000000)
  region size 1024K, 2 young (2048K), 1 survivors (1024K)
 Metaspace       used 7872K, capacity 11017K, committed 11264K, reserved 1058816K
  class space    used 949K, capacity 1256K, committed 1280K, reserved 1048576K
}
Event: 0.277 GC heap after
{Heap after GC invocations=5 (full 0):
 garbage-first heap   total 11264K, used 2702K [0x0000000083600000, 0x0000000100000000)
  region size 1024K, 1 young (1024K), 1 survivors (1024K)
 Metaspace       used 7872K, capacity 11017K, committed 11264K, reserved 1058816K
  class space    used 949K, capacity 1256K, committed 1280K, reserved 1048576K
}
Event: 0.307 GC heap before
{Heap before GC invocations=5 (full 0):
 garbage-first heap   total 11264K, used 4750K [0x0000000083600000, 0x0000000100000000)
  region size 1024K, 3 young (3072K), 1 survivors (1024K)
 Metaspace       used 8168K, capacity 11251K, committed 11392K, reserved 1058816K
  class space    used 983K, capacity 1314K, committed 1408K, reserved 1048576K
}
Event: 0.309 GC heap after
{Heap after GC invocations=6 (full 0):
 garbage-first heap   total 11264K, used 3441K [0x0000000083600000, 0x0000000100000000)
  region size 1024K, 1 young (1024K), 1 survivors (1024K)
 Metaspace       used 8168K, capacity 11251K, committed 11392K, reserved 1058816K
  class space    used 983K, capacity 1314K, committed 1408K, reserved 1048576K
}
Event: 0.351 GC heap before
{Heap before GC invocations=6 (full 0):
 garbage-first heap   total 11264K, used 5489K [0x0000000083600000, 0x0000000100000000)
  region size 1024K, 3 young (3072K), 1 survivors (1024K)
 Metaspace       used 8800K, capacity 11519K, committed 11648K, reserved 1058816K
  class space    used 1062K, capacity 1361K, committed 1408K, reserved 1048576K
}
Event: 0.353 GC heap after
{Heap after GC invocations=7 (full 0):
 garbage-first heap   total 11264K, used 4433K [0x0000000083600000, 0x0000000100000000)
  region size 1024K, 1 young (1024K), 1 survivors (1024K)
 Metaspace       used 8800K, capacity 11519K, committed 11648K, reserved 1058816K
  class space    used 1062K, capacity 1361K, committed 1408K, reserved 1048576K
}
Event: 0.359 GC heap before
{Heap before GC invocations=7 (full 0):
 garbage-first heap   total 11264K, used 5457K [0x0000000083600000, 0x0000000100000000)
  region size 1024K, 2 young (2048K), 1 survivors (1024K)
 Metaspace       used 8872K, capacity 11600K, committed 11648K, reserved 1058816K
  class space    used 1072K, capacity 1367K, committed 1408K, reserved 1048576K
}
Event: 0.361 GC heap after
{Heap after GC invocations=8 (full 0):
 garbage-first heap   total 11264K, used 4605K [0x0000000083600000, 0x0000000100000000)
  region size 1024K, 1 young (1024K), 1 survivors (1024K)
 Metaspace       used 8872K, capacity 11600K, committed 11648K, reserved 1058816K
  class space    used 1072K, capacity 1367K, committed 1408K, reserved 1048576K
}
Event: 0.364 GC heap before
{Heap before GC invocations=8 (full 0):
 garbage-first heap   total 11264K, used 5629K [0x0000000083600000, 0x0000000100000000)
  region size 1024K, 2 young (2048K), 1 survivors (1024K)
 Metaspace       used 8893K, capacity 11600K, committed 11648K, reserved 1058816K
  class space    used 1072K, capacity 1367K, committed 1408K, reserved 1048576K
}
Event: 0.365 GC heap after
{Heap after GC invocations=9 (full 0):
 garbage-first heap   total 17408K, used 4663K [0x0000000083600000, 0x0000000100000000)
  region size 1024K, 1 young (1024K), 1 survivors (1024K)
 Metaspace       used 8893K, capacity 11600K, committed 11648K, reserved 1058816K
  class space    used 1072K, capacity 1367K, committed 1408K, reserved 1048576K
}
Event: 0.420 GC heap before
{Heap before GC invocations=10 (full 0):
 garbage-first heap   total 17408K, used 8759K [0x0000000083600000, 0x0000000100000000)
  region size 1024K, 5 young (5120K), 1 survivors (1024K)
 Metaspace       used 9120K, capacity 11702K, committed 11904K, reserved 1060864K
  class space    used 1086K, capacity 1379K, committed 1408K, reserved 1048576K
}
Event: 0.421 GC heap after
{Heap after GC invocations=11 (full 0):
 garbage-first heap   total 17408K, used 5163K [0x0000000083600000, 0x0000000100000000)
  region size 1024K, 1 young (1024K), 1 survivors (1024K)
 Metaspace       used 9120K, capacity 11702K, committed 11904K, reserved 1060864K
  class space    used 1086K, capacity 1379K, committed 1408K, reserved 1048576K
}
Event: 0.441 GC heap before
{Heap before GC invocations=11 (full 0):
 garbage-first heap   total 17408K, used 10283K [0x0000000083600000, 0x0000000100000000)
  region size 1024K, 6 young (6144K), 1 survivors (1024K)
 Metaspace       used 9227K, capacity 11773K, committed 11904K, reserved 1060864K
  class space    used 1095K, capacity 1380K, committed 1408K, reserved 1048576K
}
Event: 0.444 GC heap after
{Heap after GC invocations=12 (full 0):
 garbage-first heap   total 17408K, used 5933K [0x0000000083600000, 0x0000000100000000)
  region size 1024K, 1 young (1024K), 1 survivors (1024K)
 Metaspace       used 9227K, capacity 11773K, committed 11904K, reserved 1060864K
  class space    used 1095K, capacity 1380K, committed 1408K, reserved 1048576K
}
Event: 0.456 GC heap before
{Heap before GC invocations=12 (full 0):
 garbage-first heap   total 17408K, used 11053K [0x0000000083600000, 0x0000000100000000)
  region size 1024K, 6 young (6144K), 1 survivors (1024K)
 Metaspace       used 9275K, capacity 11791K, committed 11904K, reserved 1060864K
  class space    used 1101K, capacity 1386K, committed 1408K, reserved 1048576K
}
Event: 0.459 GC heap after
{Heap after GC invocations=13 (full 0):
 garbage-first heap   total 17408K, used 6917K [0x0000000083600000, 0x0000000100000000)
  region size 1024K, 1 young (1024K), 1 survivors (1024K)
 Metaspace       used 9275K, capacity 11791K, committed 11904K, reserved 1060864K
  class space    used 1101K, capacity 1386K, committed 1408K, reserved 1048576K
}
Event: 0.467 GC heap before
{Heap before GC invocations=13 (full 0):
 garbage-first heap   total 17408K, used 11013K [0x0000000083600000, 0x0000000100000000)
  region size 1024K, 5 young (5120K), 1 survivors (1024K)
 Metaspace       used 9290K, capacity 11791K, committed 11904K, reserved 1060864K
  class space    used 1101K, capacity 1386K, committed 1408K, reserved 1048576K
}

