# JRE version: Java(TM) SE Runtime Environment (14.0.2+12) (build 14.0.2+12-46)
# Java VM: Java HotSpot(TM) 64-Bit Server VM (14.0.2+12-46, mixed mode, sharing, tiered, compressed oops, g1 gc, windows-amd64)
Heap:
 garbage-first heap   total 28672K, used 8102K [0x0000000083600000, 0x0000000100000000)
  region size 1024K, 1 young (1024K), 1 survivors (1024K)
 Metaspace       used 9340K, capacity 11917K, committed 12032K, reserved 1060864K
  class space    used 1113K, capacity 1428K, committed 1536K, reserved 1048576K
GC Heap History (20 events):
Event: 0.212 GC heap after
{Heap after GC invocations=3 (full 0):
 garbage-first heap   total 8192K, used 2022K [0x0000000083600000, 0x0000000100000000)
  region size 1024K, 1 young (1024K), 1 survivors (1024K)
 Metaspace       used 6032K, capacity 9460K, committed 9600K, reserved 1058816K
  class space    used 731K, capacity 1055K, committed 1152K, reserved 1048576K
}
Event: 0.243 GC heap before
{Heap before GC invocations=3 (full 0):
 garbage-first heap   total 8192K, used 2022K [0x0000000083600000, 0x0000000100000000)
  region size 1024K, 2 young (2048K), 1 survivors (1024K)
 Metaspace       used 7128K, capacity 10431K, committed 10752K, reserved 1058816K
  class space    used 885K, capacity 1210K, committed 1280K, reserved 1048576K
}
Event: 0.245 GC heap after
{Heap after GC invocations=4 (full 0):
 garbage-first heap   total 8192K, used 2310K [0x0000000083600000, 0x0000000100000000)
  region size 1024K, 1 young (1024K), 1 survivors (1024K)
 Metaspace       used 7128K, capacity 10431K, committed 10752K, reserved 1058816K
  class space    used 885K, capacity 1210K, committed 1280K, reserved 1048576K
}
Event: 0.274 GC heap before
{Heap before GC invocations=4 (full 0):
 garbage-first heap   total 8192K, used 3334K [0x0000000083600000, 0x0000000100000000)
  region size 1024K, 2 young (2048K), 1 survivors (1024K)
 Metaspace       used 7885K, capacity 11017K, committed 11264K, reserved 1058816K
  class space    used 952K, capacity 1256K, committed 1280K, reserved 1048576K
}
Event: 0.276 GC heap after
{Heap after GC invocations=5 (full 0):
 garbage-first heap   total 11264K, used 2666K [0x0000000083600000, 0x0000000100000000)
  region size 1024K, 1 young (1024K), 1 survivors (1024K)
 Metaspace       used 7885K, capacity 11017K, committed 11264K, reserved 1058816K
  class space    used 952K, capacity 1256K, committed 1280K, reserved 1048576K
}
Event: 0.305 GC heap before
{Heap before GC invocations=5 (full 0):
 garbage-first heap   total 11264K, used 4714K [0x0000000083600000, 0x0000000100000000)
  region size 1024K, 3 young (3072K), 1 survivors (1024K)
 Metaspace       used 8171K, capacity 11251K, committed 11392K, reserved 1058816K
  class space    used 986K, capacity 1314K, committed 1408K, reserved 1048576K
}
Event: 0.307 GC heap after
{Heap after GC invocations=6 (full 0):
 garbage-first heap   total 11264K, used 3484K [0x0000000083600000, 0x0000000100000000)
  region size 1024K, 1 young (1024K), 1 survivors (1024K)
 Metaspace       used 8171K, capacity 11251K, committed 11392K, reserved 1058816K
  class space    used 986K, capacity 1314K, committed 1408K, reserved 1048576K
}
Event: 0.351 GC heap before
{Heap before GC invocations=6 (full 0):
 garbage-first heap   total 11264K, used 5532K [0x0000000083600000, 0x0000000100000000)
  region size 1024K, 3 young (3072K), 1 survivors (1024K)
 Metaspace       used 8860K, capacity 11600K, committed 11648K, reserved 1058816K
  class space    used 1075K, capacity 1367K, committed 1408K, reserved 1048576K
}
Event: 0.354 GC heap after
{Heap after GC invocations=7 (full 0):
 garbage-first heap   total 11264K, used 4454K [0x0000000083600000, 0x0000000100000000)
  region size 1024K, 1 young (1024K), 1 survivors (1024K)
 Metaspace       used 8860K, capacity 11600K, committed 11648K, reserved 1058816K
  class space    used 1075K, capacity 1367K, committed 1408K, reserved 1048576K
}
Event: 0.358 GC heap before
{Heap before GC invocations=7 (full 0):
 garbage-first heap   total 11264K, used 5478K [0x0000000083600000, 0x0000000100000000)
  region size 1024K, 2 young (2048K), 1 survivors (1024K)
 Metaspace       used 8883K, capacity 11600K, committed 11648K, reserved 1058816K
  class space    used 1075K, capacity 1367K, committed 1408K, reserved 1048576K
}
Event: 0.359 GC heap after
{Heap after GC invocations=8 (full 0):
 garbage-first heap   total 11264K, used 4682K [0x0000000083600000, 0x0000000100000000)
  region size 1024K, 1 young (1024K), 1 survivors (1024K)
 Metaspace       used 8883K, capacity 11600K, committed 11648K, reserved 1058816K
  class space    used 1075K, capacity 1367K, committed 1408K, reserved 1048576K
}
Event: 0.361 GC heap before
{Heap before GC invocations=8 (full 0):
 garbage-first heap   total 11264K, used 5706K [0x0000000083600000, 0x0000000100000000)
  region size 1024K, 2 young (2048K), 1 survivors (1024K)
 Metaspace       used 8893K, capacity 11600K, committed 11648K, reserved 1058816K
  class space    used 1075K, capacity 1367K, committed 1408K, reserved 1048576K
}
Event: 0.362 GC heap after
{Heap after GC invocations=9 (full 0):
 garbage-first heap   total 17408K, used 4694K [0x0000000083600000, 0x0000000100000000)
  region size 1024K, 1 young (1024K), 1 survivors (1024K)
 Metaspace       used 8893K, capacity 11600K, committed 11648K, reserved 1058816K
  class space    used 1075K, capacity 1367K, committed 1408K, reserved 1048576K
}
Event: 0.397 GC heap before
{Heap before GC invocations=10 (full 0):
 garbage-first heap   total 17408K, used 8790K [0x0000000083600000, 0x0000000100000000)
  region size 1024K, 5 young (5120K), 1 survivors (1024K)
 Metaspace       used 9066K, capacity 11639K, committed 11904K, reserved 1060864K
  class space    used 1089K, capacity 1379K, committed 1408K, reserved 1048576K
}
Event: 0.399 GC heap after
{Heap after GC invocations=11 (full 0):
 garbage-first heap   total 17408K, used 5226K [0x0000000083600000, 0x0000000100000000)
  region size 1024K, 1 young (1024K), 1 survivors (1024K)
 Metaspace       used 9066K, capacity 11639K, committed 11904K, reserved 1060864K
  class space    used 1089K, capacity 1379K, committed 1408K, reserved 1048576K
}
Event: 0.424 GC heap before
{Heap before GC invocations=11 (full 0):
 garbage-first heap   total 17408K, used 10346K [0x0000000083600000, 0x0000000100000000)
  region size 1024K, 6 young (6144K), 1 survivors (1024K)
 Metaspace       used 9218K, capacity 11824K, committed 12032K, reserved 1060864K
  class space    used 1103K, capacity 1418K, committed 1536K, reserved 1048576K
}
Event: 0.426 GC heap after
{Heap after GC invocations=12 (full 0):
 garbage-first heap   total 17408K, used 6158K [0x0000000083600000, 0x0000000100000000)
  region size 1024K, 1 young (1024K), 1 survivors (1024K)
 Metaspace       used 9218K, capacity 11824K, committed 12032K, reserved 1060864K
  class space    used 1103K, capacity 1418K, committed 1536K, reserved 1048576K
}
Event: 0.440 GC heap before
{Heap before GC invocations=12 (full 0):
 garbage-first heap   total 17408K, used 9230K [0x0000000083600000, 0x0000000100000000)
  region size 1024K, 5 young (5120K), 1 survivors (1024K)
 Metaspace       used 9258K, capacity 11824K, committed 12032K, reserved 1060864K
  class space    used 1104K, capacity 1418K, committed 1536K, reserved 1048576K
}
Event: 0.442 GC heap after
{Heap after GC invocations=13 (full 0):
 garbage-first heap   total 17408K, used 7277K [0x0000000083600000, 0x0000000100000000)
  region size 1024K, 1 young (1024K), 1 survivors (1024K)
 Metaspace       used 9258K, capacity 11824K, committed 12032K, reserved 1060864K
  class space    used 1104K, capacity 1418K, committed 1536K, reserved 1048576K
}
Event: 0.457 GC heap before
{Heap before GC invocations=13 (full 0):
 garbage-first heap   total 17408K, used 10349K [0x0000000083600000, 0x0000000100000000)
  region size 1024K, 4 young (4096K), 1 survivors (1024K)
 Metaspace       used 9340K, capacity 11917K, committed 12032K, reserved 1060864K
  class space    used 1113K, capacity 1428K, committed 1536K, reserved 1048576K
}

